TN:
SF:C:/Users/user/WebstormProjects/PSAngularUnitTestingCourse/src/polyfills.ts
FNF:0
FNH:0
DA:46,1
DA:60,1
LF:2
LH:2
BRF:0
BRH:0
end_of_record
TN:
SF:C:/Users/user/WebstormProjects/PSAngularUnitTestingCourse/src/test.ts
FN:20,(anonymous_0)
FNF:1
FNH:1
FNDA:1,(anonymous_0)
DA:3,1
DA:4,1
DA:5,1
DA:6,1
DA:7,1
DA:8,1
DA:9,1
DA:10,1
DA:20,1
DA:23,1
DA:28,1
DA:30,1
DA:32,1
LF:13
LH:13
BRF:0
BRH:0
end_of_record
TN:
SF:C:/Users/user/WebstormProjects/PSAngularUnitTestingCourse/src/app/hero.service.ts
FN:16,(anonymous_2)
FN:20,HeroService
FN:25,(anonymous_4)
FN:28,(anonymous_5)
FN:34,(anonymous_6)
FN:38,(anonymous_7)
FN:39,(anonymous_8)
FN:48,(anonymous_9)
FN:51,(anonymous_10)
FN:57,(anonymous_11)
FN:63,(anonymous_12)
FN:71,(anonymous_13)
FN:73,(anonymous_14)
FN:79,(anonymous_15)
FN:84,(anonymous_16)
FN:90,(anonymous_17)
FN:92,(anonymous_18)
FN:103,(anonymous_19)
FN:104,(anonymous_20)
FN:118,(anonymous_21)
FNF:20
FNH:6
FNDA:1,(anonymous_2)
FNDA:2,HeroService
FNDA:0,(anonymous_4)
FNDA:0,(anonymous_5)
FNDA:0,(anonymous_6)
FNDA:0,(anonymous_7)
FNDA:0,(anonymous_8)
FNDA:3,(anonymous_9)
FNDA:1,(anonymous_10)
FNDA:0,(anonymous_11)
FNDA:0,(anonymous_12)
FNDA:0,(anonymous_13)
FNDA:0,(anonymous_14)
FNDA:0,(anonymous_15)
FNDA:0,(anonymous_16)
FNDA:0,(anonymous_17)
FNDA:0,(anonymous_18)
FNDA:3,(anonymous_19)
FNDA:0,(anonymous_20)
FNDA:1,(anonymous_21)
DA:1,1
DA:2,1
DA:5,1
DA:6,1
DA:9,1
DA:11,1
DA:16,1
DA:18,2
DA:21,2
DA:22,2
DA:25,1
DA:26,0
DA:28,0
DA:34,1
DA:35,0
DA:36,0
DA:38,0
DA:40,0
DA:41,0
DA:48,3
DA:49,3
DA:50,3
DA:51,1
DA:57,1
DA:58,0
DA:60,0
DA:62,0
DA:63,0
DA:71,1
DA:72,0
DA:73,0
DA:79,1
DA:80,0
DA:81,0
DA:83,0
DA:84,0
DA:90,1
DA:91,0
DA:92,0
DA:103,3
DA:104,3
DA:107,0
DA:110,0
DA:113,0
DA:118,1
DA:119,1
DA:121,1
LF:47
LH:25
BRDA:40,0,0,0
BRDA:40,0,1,0
BRDA:58,1,0,0
BRDA:58,1,1,0
BRDA:80,2,0,0
BRDA:80,2,1,0
BRDA:103,3,0,0
BRDA:103,3,1,3
BRF:8
BRH:1
end_of_record
TN:
SF:C:/Users/user/WebstormProjects/PSAngularUnitTestingCourse/src/app/hero.ts
FN:1,(anonymous_0)
FNF:1
FNH:1
FNDA:1,(anonymous_0)
DA:1,1
DA:5,1
LF:2
LH:2
BRF:0
BRH:0
end_of_record
TN:
SF:C:/Users/user/WebstormProjects/PSAngularUnitTestingCourse/src/app/message.service.ts
FN:4,(anonymous_1)
FN:3,MessageService
FN:7,(anonymous_3)
FN:11,(anonymous_4)
FNF:4
FNH:4
FNDA:1,(anonymous_1)
FNDA:3,MessageService
FNDA:2,(anonymous_3)
FNDA:1,(anonymous_4)
DA:1,1
DA:4,1
DA:5,3
DA:7,1
DA:8,2
DA:11,1
DA:12,1
DA:14,1
LF:8
LH:8
BRF:0
BRH:0
end_of_record
TN:
SF:C:/Users/user/WebstormProjects/PSAngularUnitTestingCourse/src/app/hero/hero.component.ts
FN:9,(anonymous_2)
FN:4,HeroComponent
FN:13,(anonymous_4)
FNF:3
FNH:2
FNDA:1,(anonymous_2)
FNDA:18,HeroComponent
FNDA:0,(anonymous_4)
DA:1,1
DA:2,1
DA:9,1
DA:10,1
DA:11,19
DA:13,1
DA:14,0
DA:15,0
DA:17,1
LF:9
LH:7
BRF:0
BRH:0
end_of_record
TN:
SF:C:/Users/user/WebstormProjects/PSAngularUnitTestingCourse/src/app/hero-detail/hero-detail.component.ts
FN:14,(anonymous_2)
FN:17,HeroDetailComponent
FN:22,(anonymous_4)
FN:26,(anonymous_5)
FN:29,(anonymous_6)
FN:32,(anonymous_7)
FN:36,(anonymous_8)
FN:37,(anonymous_9)
FN:40,(anonymous_10)
FN:44,(anonymous_11)
FN:45,(anonymous_12)
FN:47,(anonymous_13)
FN:53,debounce
FN:55,(anonymous_15)
FN:57,(anonymous_16)
FNF:15
FNH:12
FNDA:1,(anonymous_2)
FNDA:4,HeroDetailComponent
FNDA:4,(anonymous_4)
FNDA:4,(anonymous_5)
FNDA:4,(anonymous_6)
FNDA:3,(anonymous_7)
FNDA:3,(anonymous_8)
FNDA:3,(anonymous_9)
FNDA:3,(anonymous_10)
FNDA:0,(anonymous_11)
FNDA:0,(anonymous_12)
FNDA:0,(anonymous_13)
FNDA:3,debounce
FNDA:3,(anonymous_15)
FNDA:3,(anonymous_16)
DA:1,1
DA:2,1
DA:3,1
DA:5,1
DA:6,1
DA:14,1
DA:15,1
DA:17,4
DA:18,4
DA:19,4
DA:22,1
DA:23,4
DA:26,4
DA:27,4
DA:28,4
DA:29,4
DA:32,1
DA:33,3
DA:36,3
DA:37,3
DA:38,3
DA:39,3
DA:40,3
DA:44,1
DA:45,0
DA:46,0
DA:47,0
DA:48,0
DA:51,1
DA:55,3
DA:56,3
DA:57,3
DA:58,3
DA:59,3
DA:61,3
DA:62,3
DA:63,3
DA:64,3
LF:38
LH:34
BRDA:59,0,0,3
BRDA:59,0,1,0
BRDA:61,1,0,3
BRDA:61,1,1,0
BRDA:64,2,0,0
BRDA:64,2,1,3
BRF:6
BRH:3
end_of_record
TN:
SF:C:/Users/user/WebstormProjects/PSAngularUnitTestingCourse/src/app/heroes/heroes.component.ts
FN:11,(anonymous_2)
FN:14,HeroesComponent
FN:16,(anonymous_4)
FN:20,(anonymous_5)
FN:22,(anonymous_6)
FN:25,(anonymous_7)
FN:30,(anonymous_8)
FN:35,(anonymous_9)
FN:36,(anonymous_10)
FNF:9
FNH:9
FNDA:1,(anonymous_2)
FNDA:9,HeroesComponent
FNDA:7,(anonymous_4)
FNDA:7,(anonymous_5)
FNDA:7,(anonymous_6)
FNDA:1,(anonymous_7)
FNDA:1,(anonymous_8)
FNDA:2,(anonymous_9)
FNDA:6,(anonymous_10)
DA:1,1
DA:4,1
DA:11,1
DA:14,9
DA:16,1
DA:17,7
DA:20,7
DA:21,7
DA:22,7
DA:25,1
DA:26,1
DA:27,1
DA:28,1
DA:29,1
DA:31,1
DA:35,1
DA:36,6
DA:37,2
DA:40,1
LF:19
LH:19
BRDA:28,0,0,0
BRDA:28,0,1,1
BRF:2
BRH:1
end_of_record
TN:
SF:C:/Users/user/WebstormProjects/PSAngularUnitTestingCourse/src/app/strength/strength.pipe.ts
FN:6,(anonymous_1)
FN:7,(anonymous_3)
FNF:2
FNH:2
FNDA:3,(anonymous_1)
FNDA:2,(anonymous_3)
DA:1,1
DA:6,1
DA:7,1
DA:8,2
DA:9,1
DA:10,1
DA:11,1
DA:13,0
DA:16,1
LF:9
LH:8
BRDA:8,0,0,1
BRDA:8,0,1,1
BRDA:10,1,0,1
BRDA:10,1,1,0
BRDA:10,2,0,1
BRDA:10,2,1,1
BRF:6
BRH:5
end_of_record
